
(com.github.Aylur.ags:171507): Gtk-CRITICAL **: 19:02:05.734: gtk_widget_set_accel_path: assertion 'GTK_IS_ACCEL_GROUP (accel_group)' failed

(com.github.Aylur.ags:171507): Gtk-CRITICAL **: 19:02:05.734: gtk_widget_add_accelerator: assertion 'GTK_IS_ACCEL_GROUP (accel_group)' failed

(com.github.Aylur.ags:171507): Gtk-CRITICAL **: 19:02:05.734: gtk_widget_set_accel_path: assertion 'GTK_IS_ACCEL_GROUP (accel_group)' failed

(com.github.Aylur.ags:171507): Gtk-CRITICAL **: 19:02:05.734: gtk_widget_add_accelerator: assertion 'GTK_IS_ACCEL_GROUP (accel_group)' failed

(com.github.Aylur.ags:171507): Gtk-CRITICAL **: 19:02:05.735: gtk_widget_set_accel_path: assertion 'GTK_IS_ACCEL_GROUP (accel_group)' failed

(com.github.Aylur.ags:171507): Gtk-CRITICAL **: 19:02:05.735: gtk_widget_add_accelerator: assertion 'GTK_IS_ACCEL_GROUP (accel_group)' failed

(com.github.Aylur.ags:171507): GLib-GObject-CRITICAL **: 19:02:06.390: value "nan" of type 'gdouble' is invalid or out of range for property 'value' of type 'gdouble'

(com.github.Aylur.ags:171507): Gtk-CRITICAL **: 19:02:06.522: gtk_widget_set_accel_path: assertion 'GTK_IS_ACCEL_GROUP (accel_group)' failed

(com.github.Aylur.ags:171507): Gtk-CRITICAL **: 19:02:06.522: gtk_widget_add_accelerator: assertion 'GTK_IS_ACCEL_GROUP (accel_group)' failed

(com.github.Aylur.ags:171507): Gtk-CRITICAL **: 19:02:06.523: gtk_widget_set_accel_path: assertion 'GTK_IS_ACCEL_GROUP (accel_group)' failed

(com.github.Aylur.ags:171507): Gtk-CRITICAL **: 19:02:06.523: gtk_widget_add_accelerator: assertion 'GTK_IS_ACCEL_GROUP (accel_group)' failed

(com.github.Aylur.ags:171507): Gjs-WARNING **: 19:02:06.839: Unhandled promise rejection. To suppress this warning, add an error handler to your promise chain with .catch() or a try-catch block around your await expression. Stack trace of the failed promise:
execAsync@resource:///com/github/Aylur/ags/utils/exec.js:78:12
onConfigParsed@file:///tmp/ags/hyprpanel/main.js:15182:31
_load@resource:///com/github/Aylur/ags/app.js:203:29
async*vfunc_activate@resource:///com/github/Aylur/ags/app.js:109:14
_init/GLib.MainLoop.prototype.runAsync/</<@resource:///org/gnome/gjs/modules/core/overrides/GLib.js:263:34


(com.github.Aylur.ags:171507): GLib-GObject-CRITICAL **: 19:02:08.361: value "nan" of type 'gdouble' is invalid or out of range for property 'value' of type 'gdouble'

(com.github.Aylur.ags:171507): Gjs-CRITICAL **: 19:08:51.488: JS ERROR: Gio.IOErrorEnum: The connection is closed
_register/<@resource:///com/github/Aylur/ags/service/notifications.js:326:45
_init/GLib.MainLoop.prototype.runAsync/</<@resource:///org/gnome/gjs/modules/core/overrides/GLib.js:263:34

Another system tray is already running
